<?xml version="1.0" encoding="UTF-8"?>
<!-- Generated by org.testng.reporters.JUnitReportReporter -->
<testsuite hostname="Elcot" name="com.qa.test.UserPage" tests="1" failures="0" timestamp="28 Oct 2018 02:54:03 GMT" time="0.063" errors="0">
  <testcase name="Test" time="0.063" classname="com.qa.test.UserPage"/>
</testsuite> <!-- com.qa.test.UserPage -->
