<?xml version="1.0" encoding="UTF-8"?>
<!-- Generated by org.testng.reporters.JUnitReportReporter -->
<testsuite hostname="Elcot" name="com.qa.test.LoginPageTest" tests="1" failures="0" timestamp="28 Oct 2018 14:42:34 GMT" time="1.793" errors="0">
  <testcase name="LoginTest" time="1.793" classname="com.qa.test.LoginPageTest"/>
</testsuite> <!-- com.qa.test.LoginPageTest -->
