<?xml version="1.0" encoding="UTF-8"?>
<!-- Generated by org.testng.reporters.JUnitReportReporter -->
<testsuite hostname="Elcot" name="com.qa.test.PlantPageTest" tests="1" failures="0" timestamp="28 Oct 2018 14:17:05 GMT" time="106.986" errors="0">
  <testcase name="plantPageTest" time="106.986" classname="com.qa.test.PlantPageTest"/>
</testsuite> <!-- com.qa.test.PlantPageTest -->
